Command line invocation:
    /Applications/Xcode.app/Contents/Developer/usr/bin/xcodebuild -project crakt.xcodeproj -scheme crakt -destination "platform=iOS Simulator,name=iPhone 15" clean build

User defaults from command line:
    IDEPackageSupportUseBuiltinSCM = YES

2025-10-01 22:20:44.095 xcodebuild[51584:4644338] Writing error result bundle to /var/folders/qs/ptxmmvc54v3d7bmyl9nvl6br0000gn/T/ResultBundle_2025-01-10_22-20-0044.xcresult
xcodebuild: error: Unable to find a device matching the provided destination specifier:
		{ platform:iOS Simulator, OS:latest, name:iPhone 15 }

	The requested device could not be found because no available devices matched the request.

	Available destinations for the "crakt" scheme:
		{ platform:iOS, id:dvtdevice-DVTiPhonePlaceholder-iphoneos:placeholder, name:Any iOS Device }
		{ platform:iOS Simulator, id:dvtdevice-DVTiOSDeviceSimulatorPlaceholder-iphonesimulator:placeholder, name:Any iOS Simulator Device }
		{ platform:iOS Simulator, id:C4DC3CA0-E96C-4BDF-88DC-F6229D97A17E, OS:18.2, name:iPad (10th generation) }
		{ platform:iOS Simulator, id:C4DC3CA0-E96C-4BDF-88DC-F6229D97A17E, OS:18.2, name:iPad (10th generation) }
		{ platform:iOS Simulator, id:B2E6DF63-0282-430B-9319-9B91045E90E9, OS:18.2, name:iPad Air 11-inch (M2) }
		{ platform:iOS Simulator, id:B2E6DF63-0282-430B-9319-9B91045E90E9, OS:18.2, name:iPad Air 11-inch (M2) }
		{ platform:iOS Simulator, id:FAF3E53E-5E7D-43B6-A118-3A698CEB8AFB, OS:18.2, name:iPad Air 13-inch (M2) }
		{ platform:iOS Simulator, id:FAF3E53E-5E7D-43B6-A118-3A698CEB8AFB, OS:18.2, name:iPad Air 13-inch (M2) }
		{ platform:iOS Simulator, id:4D7C4B51-ECBA-4E68-916B-0CB53CB70A01, OS:18.2, name:iPad Pro 11-inch (M4) }
		{ platform:iOS Simulator, id:4D7C4B51-ECBA-4E68-916B-0CB53CB70A01, OS:18.2, name:iPad Pro 11-inch (M4) }
		{ platform:iOS Simulator, id:174D2B93-A80A-4D64-981E-56728F4C184D, OS:18.2, name:iPad Pro 13-inch (M4) }
		{ platform:iOS Simulator, id:174D2B93-A80A-4D64-981E-56728F4C184D, OS:18.2, name:iPad Pro 13-inch (M4) }
		{ platform:iOS Simulator, id:9C14AB2C-C40C-447D-B28E-5C15195680FE, OS:18.2, name:iPad mini (A17 Pro) }
		{ platform:iOS Simulator, id:9C14AB2C-C40C-447D-B28E-5C15195680FE, OS:18.2, name:iPad mini (A17 Pro) }
		{ platform:iOS Simulator, id:CA58B99C-5FE8-49A6-ABD6-C1F94DA84A63, OS:18.2, name:iPhone 16 }
		{ platform:iOS Simulator, id:CA58B99C-5FE8-49A6-ABD6-C1F94DA84A63, OS:18.2, name:iPhone 16 }
		{ platform:iOS Simulator, id:E938F850-E6A2-4E2E-988B-A849196F21E2, OS:18.2, name:iPhone 16 Plus }
		{ platform:iOS Simulator, id:E938F850-E6A2-4E2E-988B-A849196F21E2, OS:18.2, name:iPhone 16 Plus }
		{ platform:iOS Simulator, id:43F851B4-EDCE-4454-A07E-E70D81EE7801, OS:18.2, name:iPhone 16 Pro }
		{ platform:iOS Simulator, id:43F851B4-EDCE-4454-A07E-E70D81EE7801, OS:18.2, name:iPhone 16 Pro }
		{ platform:iOS Simulator, id:E9F6F32E-6108-4DF8-BCB7-FB46F04CB03B, OS:18.2, name:iPhone 16 Pro Max }
		{ platform:iOS Simulator, id:E9F6F32E-6108-4DF8-BCB7-FB46F04CB03B, OS:18.2, name:iPhone 16 Pro Max }
		{ platform:iOS Simulator, id:7D93C78C-DEFA-4780-8C6F-783248757B37, OS:18.2, name:iPhone SE (3rd generation) }
		{ platform:iOS Simulator, id:7D93C78C-DEFA-4780-8C6F-783248757B37, OS:18.2, name:iPhone SE (3rd generation) }
